# JRE version: OpenJDK Runtime Environment Temurin-17.0.5+8 (17.0.5+8) (build 17.0.5+8)
# Java VM: OpenJDK 64-Bit Server VM Temurin-17.0.5+8 (17.0.5+8, mixed mode, tiered, compressed oops, compressed class ptrs, g1 gc, windows-amd64)
GC Precious Log:
 CPUs: 8 total, 8 available
 Memory: 6077M
 Large Page Support: Disabled
 NUMA Support: Disabled
 Compressed Oops: Enabled (32-bit)
 Heap Region Size: 1M
 Heap Min Capacity: 8M
 Heap Initial Capacity: 96M
 Heap Max Capacity: 1520M
 Pre-touch: Disabled
 Parallel Workers: 8
 Concurrent Workers: 2
 Concurrent Refinement Workers: 8
 Periodic GC: Disabled
Heap:
 garbage-first heap   total 190464K, used 125634K [0x00000000a1000000, 0x0000000100000000)
  region size 1024K, 55 young (56320K), 8 survivors (8192K)
 Metaspace       used 81485K, committed 81984K, reserved 1122304K
  class space    used 10624K, committed 10880K, reserved 1048576K
GC Heap History (20 events):
Event: 21.853 GC heap before
{Heap before GC invocations=31 (full 0):
 garbage-first heap   total 78848K, used 52412K [0x00000000a1000000, 0x0000000100000000)
  region size 1024K, 17 young (17408K), 1 survivors (1024K)
 Metaspace       used 71187K, committed 71744K, reserved 1114112K
  class space    used 9292K, committed 9536K, reserved 1048576K
}
Event: 21.860 GC heap after
{Heap after GC invocations=32 (full 0):
 garbage-first heap   total 78848K, used 40476K [0x00000000a1000000, 0x0000000100000000)
  region size 1024K, 3 young (3072K), 3 survivors (3072K)
 Metaspace       used 71187K, committed 71744K, reserved 1114112K
  class space    used 9292K, committed 9536K, reserved 1048576K
}
Event: 21.868 GC heap before
{Heap before GC invocations=32 (full 0):
 garbage-first heap   total 78848K, used 41500K [0x00000000a1000000, 0x0000000100000000)
  region size 1024K, 4 young (4096K), 3 survivors (3072K)
 Metaspace       used 71199K, committed 71744K, reserved 1114112K
  class space    used 9292K, committed 9536K, reserved 1048576K
}
Event: 21.874 GC heap after
{Heap after GC invocations=33 (full 0):
 garbage-first heap   total 95232K, used 40600K [0x00000000a1000000, 0x0000000100000000)
  region size 1024K, 1 young (1024K), 1 survivors (1024K)
 Metaspace       used 71199K, committed 71744K, reserved 1114112K
  class space    used 9292K, committed 9536K, reserved 1048576K
}
Event: 22.101 GC heap before
{Heap before GC invocations=33 (full 0):
 garbage-first heap   total 95232K, used 66200K [0x00000000a1000000, 0x0000000100000000)
  region size 1024K, 26 young (26624K), 1 survivors (1024K)
 Metaspace       used 71247K, committed 71744K, reserved 1114112K
  class space    used 9292K, committed 9536K, reserved 1048576K
}
Event: 22.106 GC heap after
{Heap after GC invocations=34 (full 0):
 garbage-first heap   total 95232K, used 46618K [0x00000000a1000000, 0x0000000100000000)
  region size 1024K, 4 young (4096K), 4 survivors (4096K)
 Metaspace       used 71247K, committed 71744K, reserved 1114112K
  class space    used 9292K, committed 9536K, reserved 1048576K
}
Event: 22.453 GC heap before
{Heap before GC invocations=34 (full 0):
 garbage-first heap   total 95232K, used 70170K [0x00000000a1000000, 0x0000000100000000)
  region size 1024K, 26 young (26624K), 4 survivors (4096K)
 Metaspace       used 71413K, committed 71872K, reserved 1114112K
  class space    used 9306K, committed 9536K, reserved 1048576K
}
Event: 22.464 GC heap after
{Heap after GC invocations=35 (full 0):
 garbage-first heap   total 95232K, used 54721K [0x00000000a1000000, 0x0000000100000000)
  region size 1024K, 4 young (4096K), 4 survivors (4096K)
 Metaspace       used 71413K, committed 71872K, reserved 1114112K
  class space    used 9306K, committed 9536K, reserved 1048576K
}
Event: 22.586 GC heap before
{Heap before GC invocations=35 (full 0):
 garbage-first heap   total 95232K, used 70081K [0x00000000a1000000, 0x0000000100000000)
  region size 1024K, 20 young (20480K), 4 survivors (4096K)
 Metaspace       used 71422K, committed 71872K, reserved 1114112K
  class space    used 9306K, committed 9536K, reserved 1048576K
}
Event: 22.590 GC heap after
{Heap after GC invocations=36 (full 0):
 garbage-first heap   total 95232K, used 58505K [0x00000000a1000000, 0x0000000100000000)
  region size 1024K, 3 young (3072K), 3 survivors (3072K)
 Metaspace       used 71422K, committed 71872K, reserved 1114112K
  class space    used 9306K, committed 9536K, reserved 1048576K
}
Event: 22.600 GC heap before
{Heap before GC invocations=36 (full 0):
 garbage-first heap   total 95232K, used 60553K [0x00000000a1000000, 0x0000000100000000)
  region size 1024K, 6 young (6144K), 3 survivors (3072K)
 Metaspace       used 71422K, committed 71872K, reserved 1114112K
  class space    used 9306K, committed 9536K, reserved 1048576K
}
Event: 22.603 GC heap after
{Heap after GC invocations=37 (full 0):
 garbage-first heap   total 190464K, used 59141K [0x00000000a1000000, 0x0000000100000000)
  region size 1024K, 1 young (1024K), 1 survivors (1024K)
 Metaspace       used 71422K, committed 71872K, reserved 1114112K
  class space    used 9306K, committed 9536K, reserved 1048576K
}
Event: 22.822 GC heap before
{Heap before GC invocations=37 (full 0):
 garbage-first heap   total 190464K, used 101125K [0x00000000a1000000, 0x0000000100000000)
  region size 1024K, 43 young (44032K), 1 survivors (1024K)
 Metaspace       used 71480K, committed 72000K, reserved 1114112K
  class space    used 9306K, committed 9536K, reserved 1048576K
}
Event: 22.832 GC heap after
{Heap after GC invocations=38 (full 0):
 garbage-first heap   total 190464K, used 70006K [0x00000000a1000000, 0x0000000100000000)
  region size 1024K, 9 young (9216K), 9 survivors (9216K)
 Metaspace       used 71480K, committed 72000K, reserved 1114112K
  class space    used 9306K, committed 9536K, reserved 1048576K
}
Event: 23.114 GC heap before
{Heap before GC invocations=39 (full 0):
 garbage-first heap   total 190464K, used 123254K [0x00000000a1000000, 0x0000000100000000)
  region size 1024K, 63 young (64512K), 9 survivors (9216K)
 Metaspace       used 71603K, committed 72128K, reserved 1114112K
  class space    used 9313K, committed 9536K, reserved 1048576K
}
Event: 23.120 GC heap after
{Heap after GC invocations=40 (full 0):
 garbage-first heap   total 190464K, used 70446K [0x00000000a1000000, 0x0000000100000000)
  region size 1024K, 4 young (4096K), 4 survivors (4096K)
 Metaspace       used 71603K, committed 72128K, reserved 1114112K
  class space    used 9313K, committed 9536K, reserved 1048576K
}
Event: 23.124 GC heap before
{Heap before GC invocations=40 (full 0):
 garbage-first heap   total 190464K, used 75566K [0x00000000a1000000, 0x0000000100000000)
  region size 1024K, 9 young (9216K), 4 survivors (4096K)
 Metaspace       used 71603K, committed 72128K, reserved 1114112K
  class space    used 9313K, committed 9536K, reserved 1048576K
}
Event: 23.127 GC heap after
{Heap after GC invocations=41 (full 0):
 garbage-first heap   total 190464K, used 65034K [0x00000000a1000000, 0x0000000100000000)
  region size 1024K, 2 young (2048K), 2 survivors (2048K)
 Metaspace       used 71603K, committed 72128K, reserved 1114112K
  class space    used 9313K, committed 9536K, reserved 1048576K
}
Event: 23.720 GC heap before
{Heap before GC invocations=41 (full 0):
 garbage-first heap   total 190464K, used 126474K [0x00000000a1000000, 0x0000000100000000)
  region size 1024K, 62 young (63488K), 2 survivors (2048K)
 Metaspace       used 73073K, committed 73600K, reserved 1114112K
  class space    used 9504K, committed 9728K, reserved 1048576K
}
Event: 23.735 GC heap after
{Heap after GC invocations=42 (full 0):
 garbage-first heap   total 190464K, used 78530K [0x00000000a1000000, 0x0000000100000000)
  region size 1024K, 8 young (8192K), 8 survivors (8192K)
 Metaspace       used 73073K, committed 73600K, reserved 1114112K
  class space    used 9504K, committed 9728K, reserved 1048576K
}

